==========================================
SLURM_CLUSTER_NAME = paramutkarsh
SLURM_ARRAY_JOB_ID = 
SLURM_ARRAY_TASK_ID = 
SLURM_ARRAY_TASK_COUNT = 
SLURM_ARRAY_TASK_MAX = 
SLURM_ARRAY_TASK_MIN = 
SLURM_JOB_ACCOUNT = cdac
SLURM_JOB_ID = 21839
SLURM_JOB_NAME = NBody_Serial
SLURM_JOB_NODELIST = cn026
SLURM_JOB_USER = chuk355
SLURM_JOB_UID = 23411
SLURM_JOB_PARTITION = cpu
SLURM_TASK_PID = 41526
SLURM_SUBMIT_DIR = /home/chuk355/aProjectNbody/serial2
SLURM_CPUS_ON_NODE = 14
SLURM_NTASKS = 14
SLURM_TASK_PID = 41526
==========================================
